[debug] [2020-07-29T04:47:35.655Z] ----------------------------------------------------------------------
[debug] [2020-07-29T04:47:35.657Z] Command:       C:\Program Files\nodejs\node.exe C:\Users\Ricky\AppData\Roaming\npm\node_modules\firebase-tools\lib\bin\firebase.js emulators:start
[debug] [2020-07-29T04:47:35.657Z] CLI Version:   8.6.0
[debug] [2020-07-29T04:47:35.658Z] Platform:      win32
[debug] [2020-07-29T04:47:35.658Z] Node Version:  v12.18.2
[debug] [2020-07-29T04:47:35.659Z] Time:          Tue Jul 28 2020 21:47:35 GMT-0700 (Pacific Daylight Time)
[debug] [2020-07-29T04:47:35.659Z] ----------------------------------------------------------------------
[debug] [2020-07-29T04:47:35.659Z] 
[debug] [2020-07-29T04:47:35.669Z] > command requires scopes: ["email","openid","https://www.googleapis.com/auth/cloudplatformprojects.readonly","https://www.googleapis.com/auth/firebase","https://www.googleapis.com/auth/cloud-platform"]
[debug] [2020-07-29T04:47:35.670Z] > authorizing via signed-in user
[info] i  emulators: Starting emulators: functions, firestore, database, hosting, pubsub {"metadata":{"emulator":{"name":"hub"},"message":"Starting emulators: functions, firestore, database, hosting, pubsub"}}
[debug] [2020-07-29T04:47:37.691Z] [hub] writing locator at C:\Users\Ricky\AppData\Local\Temp\hub-amzr-b7fd2.json
[debug] [2020-07-29T04:47:39.704Z] defaultcredentials: writing to file C:\Users\Ricky\AppData\Roaming\firebase\ric0611_gmail_com_application_default_credentials.json
[debug] [2020-07-29T04:47:39.707Z] Setting GAC to C:\Users\Ricky\AppData\Roaming\firebase\ric0611_gmail_com_application_default_credentials.json {"metadata":{"emulator":{"name":"functions"},"message":"Setting GAC to C:\\Users\\Ricky\\AppData\\Roaming\\firebase\\ric0611_gmail_com_application_default_credentials.json"}}
[warn] !  Your requested "node" version "10" doesn't match your global version "12" {"metadata":{"emulator":{"name":"functions"},"message":"Your requested \"node\" version \"10\" doesn't match your global version \"12\""}}
[debug] [2020-07-29T04:47:41.726Z] Ignoring unsupported arg: projectId {"metadata":{"emulator":{"name":"firestore"},"message":"Ignoring unsupported arg: projectId"}}
[debug] [2020-07-29T04:47:41.727Z] Ignoring unsupported arg: auto_download {"metadata":{"emulator":{"name":"firestore"},"message":"Ignoring unsupported arg: auto_download"}}
[debug] [2020-07-29T04:47:41.727Z] Starting Firestore Emulator with command {"binary":"java","args":["-Duser.language=en","-jar","C:\\Users\\Ricky\\.cache\\firebase\\emulators\\cloud-firestore-emulator-v1.11.5.jar","--host","localhost","--port",8080,"--rules","F:\\amz-b4a\\buyer\\firestore.rules","--functions_emulator","localhost:5001"],"optionalArgs":["port","webchannel_port","host","rules","functions_emulator","seed_from_export"],"joinArgs":false} {"metadata":{"emulator":{"name":"firestore"},"message":"Starting Firestore Emulator with command {\"binary\":\"java\",\"args\":[\"-Duser.language=en\",\"-jar\",\"C:\\\\Users\\\\Ricky\\\\.cache\\\\firebase\\\\emulators\\\\cloud-firestore-emulator-v1.11.5.jar\",\"--host\",\"localhost\",\"--port\",8080,\"--rules\",\"F:\\\\amz-b4a\\\\buyer\\\\firestore.rules\",\"--functions_emulator\",\"localhost:5001\"],\"optionalArgs\":[\"port\",\"webchannel_port\",\"host\",\"rules\",\"functions_emulator\",\"seed_from_export\"],\"joinArgs\":false}"}}
[info] i  firestore: Firestore Emulator logging to firestore-debug.log {"metadata":{"emulator":{"name":"firestore"},"message":"Firestore Emulator logging to \u001b[1mfirestore-debug.log\u001b[22m"}}
[debug] [2020-07-29T04:47:43.206Z] API endpoint: http://localhost: {"metadata":{"emulator":{"name":"firestore"},"message":"API endpoint: http://localhost:"}}
[debug] [2020-07-29T04:47:43.207Z] 8080
If you are using a library that supports the FIRESTORE_EMULATOR_HOST environment variable, run:

   export FIRESTORE_EMULATOR_HOST=localhost:8080

Dev App Server is now running.

 {"metadata":{"emulator":{"name":"firestore"},"message":"8080\nIf you are using a library that supports the FIRESTORE_EMULATOR_HOST environment variable, run:\r\n\n   export FIRESTORE_EMULATOR_HOST=localhost:8080\n\nDev App Server is now running.\n\r\n"}}
[debug] [2020-07-29T04:47:45.246Z] database rules config:  [{"rules":"database.rules.json","instance":"amzr-b7fd2"}]
[debug] [2020-07-29T04:47:45.248Z] Ignoring unsupported arg: projectId {"metadata":{"emulator":{"name":"database"},"message":"Ignoring unsupported arg: projectId"}}
[debug] [2020-07-29T04:47:45.248Z] Ignoring unsupported arg: auto_download {"metadata":{"emulator":{"name":"database"},"message":"Ignoring unsupported arg: auto_download"}}
[debug] [2020-07-29T04:47:45.249Z] Ignoring unsupported arg: rules {"metadata":{"emulator":{"name":"database"},"message":"Ignoring unsupported arg: rules"}}
[debug] [2020-07-29T04:47:45.249Z] Starting Database Emulator with command {"binary":"java","args":["-Duser.language=en","-jar","C:\\Users\\Ricky\\.cache\\firebase\\emulators\\firebase-database-emulator-v4.5.0.jar","--host","localhost","--port",9000,"--functions_emulator_host","localhost","--functions_emulator_port",5001],"optionalArgs":["port","host","functions_emulator_port","functions_emulator_host"],"joinArgs":false} {"metadata":{"emulator":{"name":"database"},"message":"Starting Database Emulator with command {\"binary\":\"java\",\"args\":[\"-Duser.language=en\",\"-jar\",\"C:\\\\Users\\\\Ricky\\\\.cache\\\\firebase\\\\emulators\\\\firebase-database-emulator-v4.5.0.jar\",\"--host\",\"localhost\",\"--port\",9000,\"--functions_emulator_host\",\"localhost\",\"--functions_emulator_port\",5001],\"optionalArgs\":[\"port\",\"host\",\"functions_emulator_port\",\"functions_emulator_host\"],\"joinArgs\":false}"}}
[info] i  database: Database Emulator logging to database-debug.log {"metadata":{"emulator":{"name":"database"},"message":"Database Emulator logging to \u001b[1mdatabase-debug.log\u001b[22m"}}
[debug] [2020-07-29T04:47:46.925Z] 21:47:46.922 [NamespaceSystem-akka.actor.default-dispatcher-5] INFO akka.event.slf4j.Slf4jLogger - Slf4jLogger started
 {"metadata":{"emulator":{"name":"database"},"message":"21:47:46.922 [NamespaceSystem-akka.actor.default-dispatcher-5] INFO akka.event.slf4j.Slf4jLogger - Slf4jLogger started\r\n"}}
[debug] [2020-07-29T04:47:47.108Z] 21:47:47.109 [main] INFO com.firebase.server.forge.App$ - Listening at localhost:9000
 {"metadata":{"emulator":{"name":"database"},"message":"21:47:47.109 [main] INFO com.firebase.server.forge.App$ - Listening at localhost:9000\r\n"}}
[debug] [2020-07-29T04:47:49.262Z] > refreshing access token with scopes: ["email","https://www.googleapis.com/auth/cloud-platform","https://www.googleapis.com/auth/cloudplatformprojects.readonly","https://www.googleapis.com/auth/firebase","openid"]
[debug] [2020-07-29T04:47:49.263Z] >>> HTTP REQUEST POST https://www.googleapis.com/oauth2/v3/token  
 <request body omitted>
[debug] [2020-07-29T04:47:49.410Z] <<< HTTP RESPONSE 200 {"content-type":"application/json; charset=utf-8","vary":"X-Origin, Referer, Origin,Accept-Encoding","date":"Wed, 29 Jul 2020 04:47:47 GMT","server":"scaffolding on HTTPServer2","cache-control":"private","x-xss-protection":"0","x-frame-options":"SAMEORIGIN","x-content-type-options":"nosniff","alt-svc":"h3-29=\":443\"; ma=2592000,h3-27=\":443\"; ma=2592000,h3-T050=\":443\"; ma=2592000,h3-Q050=\":443\"; ma=2592000,h3-Q046=\":443\"; ma=2592000,h3-Q043=\":443\"; ma=2592000,quic=\":443\"; ma=2592000; v=\"46,43\"","accept-ranges":"none","transfer-encoding":"chunked"}
[debug] [2020-07-29T04:47:49.418Z] >>> HTTP REQUEST GET https://firebase.googleapis.com/v1beta1/projects/amzr-b7fd2/webApps/-/config  
 
[debug] [2020-07-29T04:47:50.019Z] <<< HTTP RESPONSE 200 {"content-type":"application/json; charset=UTF-8","vary":"X-Origin, Referer, Origin,Accept-Encoding","date":"Wed, 29 Jul 2020 04:47:47 GMT","server":"ESF","cache-control":"private","x-xss-protection":"0","x-frame-options":"SAMEORIGIN","x-content-type-options":"nosniff","alt-svc":"h3-29=\":443\"; ma=2592000,h3-27=\":443\"; ma=2592000,h3-T050=\":443\"; ma=2592000,h3-Q050=\":443\"; ma=2592000,h3-Q046=\":443\"; ma=2592000,h3-Q043=\":443\"; ma=2592000,quic=\":443\"; ma=2592000; v=\"46,43\"","accept-ranges":"none","transfer-encoding":"chunked"}
[info] i  hosting: Serving hosting files from: build {"metadata":{"emulator":{"name":"hosting"},"message":"Serving hosting files from: \u001b[1mbuild\u001b[22m"}}
[info] +  hosting: Local server: http://localhost:5000 {"metadata":{"emulator":{"name":"hosting"},"message":"Local server: \u001b[4m\u001b[1mhttp://localhost:5000\u001b[22m\u001b[24m"}}
[debug] [2020-07-29T04:47:52.058Z] Ignoring unsupported arg: projectId {"metadata":{"emulator":{"name":"pubsub"},"message":"Ignoring unsupported arg: projectId"}}
[debug] [2020-07-29T04:47:52.058Z] Ignoring unsupported arg: auto_download {"metadata":{"emulator":{"name":"pubsub"},"message":"Ignoring unsupported arg: auto_download"}}
[debug] [2020-07-29T04:47:52.058Z] Starting Pub/Sub Emulator with command {"binary":"C:\\Users\\Ricky\\.cache\\firebase\\emulators\\pubsub-emulator-0.1.0\\pubsub-emulator\\bin\\cloud-pubsub-emulator.bat","args":["--host=localhost","--port=8086"],"optionalArgs":["port","host"],"joinArgs":true} {"metadata":{"emulator":{"name":"pubsub"},"message":"Starting Pub/Sub Emulator with command {\"binary\":\"C:\\\\Users\\\\Ricky\\\\.cache\\\\firebase\\\\emulators\\\\pubsub-emulator-0.1.0\\\\pubsub-emulator\\\\bin\\\\cloud-pubsub-emulator.bat\",\"args\":[\"--host=localhost\",\"--port=8086\"],\"optionalArgs\":[\"port\",\"host\"],\"joinArgs\":true}"}}
[info] i  pubsub: Pub/Sub Emulator logging to pubsub-debug.log {"metadata":{"emulator":{"name":"pubsub"},"message":"Pub/Sub Emulator logging to \u001b[1mpubsub-debug.log\u001b[22m"}}
[debug] [2020-07-29T04:47:57.576Z] Ignoring unsupported arg: auto_download {"metadata":{"emulator":{"name":"ui"},"message":"Ignoring unsupported arg: auto_download"}}
[debug] [2020-07-29T04:47:57.577Z] Ignoring unsupported arg: port {"metadata":{"emulator":{"name":"ui"},"message":"Ignoring unsupported arg: port"}}
[debug] [2020-07-29T04:47:57.577Z] Starting Emulator UI with command {"binary":"node","args":["C:\\Users\\Ricky\\.cache\\firebase\\emulators\\ui-v1.1.1\\server.bundle.js"],"optionalArgs":[],"joinArgs":false} {"metadata":{"emulator":{"name":"ui"},"message":"Starting Emulator UI with command {\"binary\":\"node\",\"args\":[\"C:\\\\Users\\\\Ricky\\\\.cache\\\\firebase\\\\emulators\\\\ui-v1.1.1\\\\server.bundle.js\"],\"optionalArgs\":[],\"joinArgs\":false}"}}
[info] i  ui: Emulator UI logging to ui-debug.log {"metadata":{"emulator":{"name":"ui"},"message":"Emulator UI logging to \u001b[1mui-debug.log\u001b[22m"}}
[debug] [2020-07-29T04:47:57.705Z] Web / API server started at http://localhost:4000
 {"metadata":{"emulator":{"name":"ui"},"message":"Web / API server started at http://localhost:4000\n"}}
[info] i  functions: Watching "F:\amz-b4a\buyer\functions" for Cloud Functions... {"metadata":{"emulator":{"name":"functions"},"message":"Watching \"F:\\amz-b4a\\buyer\\functions\" for Cloud Functions..."}}
[debug] [2020-07-29T04:47:58.138Z] [worker-pool] addWorker(~diagnostic~) {"metadata":{"emulator":{"name":"functions"},"message":"[worker-pool] addWorker(~diagnostic~)"}}
[debug] [2020-07-29T04:47:58.139Z] [worker-pool] Adding worker with key ~diagnostic~, total=1 {"metadata":{"emulator":{"name":"functions"},"message":"[worker-pool] Adding worker with key ~diagnostic~, total=1"}}
[debug] [2020-07-29T04:47:58.139Z] [worker-pool] submitWork(triggerId=) {"metadata":{"emulator":{"name":"functions"},"message":"[worker-pool] submitWork(triggerId=)"}}
[debug] [2020-07-29T04:47:58.140Z] [worker-~diagnostic~-9bc54355-4e60-479b-9207-686dc7279d53]: Assigning socketPath: \\?\pipe\F:\amz-b4a\buyer\functions\10832 {"metadata":{"emulator":{"name":"functions"},"message":"[worker-~diagnostic~-9bc54355-4e60-479b-9207-686dc7279d53]: Assigning socketPath: \\\\?\\pipe\\F:\\amz-b4a\\buyer\\functions\\10832"}}
[debug] [2020-07-29T04:47:58.141Z] [worker-~diagnostic~-9bc54355-4e60-479b-9207-686dc7279d53]: BUSY {"metadata":{"emulator":{"name":"functions"},"message":"[worker-~diagnostic~-9bc54355-4e60-479b-9207-686dc7279d53]: BUSY"}}
[debug] [2020-07-29T04:47:58.570Z] [runtime-status] [10832] Functions runtime initialized. {"cwd":"F:\\amz-b4a\\buyer\\functions","node_version":"12.18.2"} {"metadata":{"emulator":{"name":"functions"},"message":"[runtime-status] [10832] Functions runtime initialized. {\"cwd\":\"F:\\\\amz-b4a\\\\buyer\\\\functions\",\"node_version\":\"12.18.2\"}"}}
[debug] [2020-07-29T04:47:58.572Z] [runtime-status] [10832] Disabled runtime features: undefined {"metadata":{"emulator":{"name":"functions"},"message":"[runtime-status] [10832] Disabled runtime features: undefined"}}
[debug] [2020-07-29T04:47:58.581Z] [runtime-status] [10832] Resolved module firebase-admin {"declared":true,"installed":true,"version":"8.13.0","resolution":"F:\\amz-b4a\\buyer\\functions\\node_modules\\firebase-admin\\lib\\index.js"} {"metadata":{"emulator":{"name":"functions"},"message":"[runtime-status] [10832] Resolved module firebase-admin {\"declared\":true,\"installed\":true,\"version\":\"8.13.0\",\"resolution\":\"F:\\\\amz-b4a\\\\buyer\\\\functions\\\\node_modules\\\\firebase-admin\\\\lib\\\\index.js\"}"}}
[debug] [2020-07-29T04:47:58.584Z] [runtime-status] [10832] Resolved module firebase-functions {"declared":true,"installed":true,"version":"3.8.0","resolution":"F:\\amz-b4a\\buyer\\functions\\node_modules\\firebase-functions\\lib\\index.js"} {"metadata":{"emulator":{"name":"functions"},"message":"[runtime-status] [10832] Resolved module firebase-functions {\"declared\":true,\"installed\":true,\"version\":\"3.8.0\",\"resolution\":\"F:\\\\amz-b4a\\\\buyer\\\\functions\\\\node_modules\\\\firebase-functions\\\\lib\\\\index.js\"}"}}
[debug] [2020-07-29T04:47:58.585Z] [runtime-status] [10832] Resolved module firebase-functions {"declared":true,"installed":true,"version":"3.8.0","resolution":"F:\\amz-b4a\\buyer\\functions\\node_modules\\firebase-functions\\lib\\index.js"} {"metadata":{"emulator":{"name":"functions"},"message":"[runtime-status] [10832] Resolved module firebase-functions {\"declared\":true,\"installed\":true,\"version\":\"3.8.0\",\"resolution\":\"F:\\\\amz-b4a\\\\buyer\\\\functions\\\\node_modules\\\\firebase-functions\\\\lib\\\\index.js\"}"}}
[debug] [2020-07-29T04:47:58.585Z] [runtime-status] [10832] Set PUBSUB_EMULATOR_HOST to localhost:8086 {"metadata":{"emulator":{"name":"functions"},"message":"[runtime-status] [10832] Set PUBSUB_EMULATOR_HOST to localhost:8086"}}
[debug] [2020-07-29T04:47:58.587Z] [runtime-status] [10832] Outgoing network have been stubbed. [{"name":"http","status":"mocked"},{"name":"http","status":"mocked"},{"name":"https","status":"mocked"},{"name":"https","status":"mocked"},{"name":"net","status":"mocked"}] {"metadata":{"emulator":{"name":"functions"},"message":"[runtime-status] [10832] Outgoing network have been stubbed. [{\"name\":\"http\",\"status\":\"mocked\"},{\"name\":\"http\",\"status\":\"mocked\"},{\"name\":\"https\",\"status\":\"mocked\"},{\"name\":\"https\",\"status\":\"mocked\"},{\"name\":\"net\",\"status\":\"mocked\"}]"}}
[debug] [2020-07-29T04:47:58.588Z] [runtime-status] [10832] Resolved module firebase-functions {"declared":true,"installed":true,"version":"3.8.0","resolution":"F:\\amz-b4a\\buyer\\functions\\node_modules\\firebase-functions\\lib\\index.js"} {"metadata":{"emulator":{"name":"functions"},"message":"[runtime-status] [10832] Resolved module firebase-functions {\"declared\":true,\"installed\":true,\"version\":\"3.8.0\",\"resolution\":\"F:\\\\amz-b4a\\\\buyer\\\\functions\\\\node_modules\\\\firebase-functions\\\\lib\\\\index.js\"}"}}
[debug] [2020-07-29T04:47:58.667Z] [runtime-status] [10832] Checked functions.config() {"config":{}} {"metadata":{"emulator":{"name":"functions"},"message":"[runtime-status] [10832] Checked functions.config() {\"config\":{}}"}}
[debug] [2020-07-29T04:47:58.668Z] [runtime-status] [10832] firebase-functions has been stubbed. {"functionsResolution":{"declared":true,"installed":true,"version":"3.8.0","resolution":"F:\\amz-b4a\\buyer\\functions\\node_modules\\firebase-functions\\lib\\index.js"}} {"metadata":{"emulator":{"name":"functions"},"message":"[runtime-status] [10832] firebase-functions has been stubbed. {\"functionsResolution\":{\"declared\":true,\"installed\":true,\"version\":\"3.8.0\",\"resolution\":\"F:\\\\amz-b4a\\\\buyer\\\\functions\\\\node_modules\\\\firebase-functions\\\\lib\\\\index.js\"}}"}}
[debug] [2020-07-29T04:47:58.668Z] [runtime-status] [10832] Resolved module firebase-functions {"declared":true,"installed":true,"version":"3.8.0","resolution":"F:\\amz-b4a\\buyer\\functions\\node_modules\\firebase-functions\\lib\\index.js"} {"metadata":{"emulator":{"name":"functions"},"message":"[runtime-status] [10832] Resolved module firebase-functions {\"declared\":true,\"installed\":true,\"version\":\"3.8.0\",\"resolution\":\"F:\\\\amz-b4a\\\\buyer\\\\functions\\\\node_modules\\\\firebase-functions\\\\lib\\\\index.js\"}"}}
[debug] [2020-07-29T04:47:58.669Z] [runtime-status] [10832] Resolved module firebase-admin {"declared":true,"installed":true,"version":"8.13.0","resolution":"F:\\amz-b4a\\buyer\\functions\\node_modules\\firebase-admin\\lib\\index.js"} {"metadata":{"emulator":{"name":"functions"},"message":"[runtime-status] [10832] Resolved module firebase-admin {\"declared\":true,\"installed\":true,\"version\":\"8.13.0\",\"resolution\":\"F:\\\\amz-b4a\\\\buyer\\\\functions\\\\node_modules\\\\firebase-admin\\\\lib\\\\index.js\"}"}}
[debug] [2020-07-29T04:47:58.669Z] [runtime-status] [10832] Resolved module firebase-functions {"declared":true,"installed":true,"version":"3.8.0","resolution":"F:\\amz-b4a\\buyer\\functions\\node_modules\\firebase-functions\\lib\\index.js"} {"metadata":{"emulator":{"name":"functions"},"message":"[runtime-status] [10832] Resolved module firebase-functions {\"declared\":true,\"installed\":true,\"version\":\"3.8.0\",\"resolution\":\"F:\\\\amz-b4a\\\\buyer\\\\functions\\\\node_modules\\\\firebase-functions\\\\lib\\\\index.js\"}"}}
[debug] [2020-07-29T04:47:58.669Z] [runtime-status] [10832] firebase-admin has been stubbed. {"adminResolution":{"declared":true,"installed":true,"version":"8.13.0","resolution":"F:\\amz-b4a\\buyer\\functions\\node_modules\\firebase-admin\\lib\\index.js"}} {"metadata":{"emulator":{"name":"functions"},"message":"[runtime-status] [10832] firebase-admin has been stubbed. {\"adminResolution\":{\"declared\":true,\"installed\":true,\"version\":\"8.13.0\",\"resolution\":\"F:\\\\amz-b4a\\\\buyer\\\\functions\\\\node_modules\\\\firebase-admin\\\\lib\\\\index.js\"}}"}}
[debug] [2020-07-29T04:47:58.671Z] [runtime-status] [10832] initializeApp(DEFAULT) {"databaseURL":"http://localhost:9000?ns=amzr-b7fd2","storageBucket":"amzr-b7fd2.appspot.com","projectId":"amzr-b7fd2"} {"metadata":{"emulator":{"name":"functions"},"message":"[runtime-status] [10832] initializeApp(DEFAULT) {\"databaseURL\":\"http://localhost:9000?ns=amzr-b7fd2\",\"storageBucket\":\"amzr-b7fd2.appspot.com\",\"projectId\":\"amzr-b7fd2\"}"}}
[info] +  functions[addProduct]: http function initialized (http://localhost:5001/amzr-b7fd2/us-central1/addProduct). {"metadata":{"emulator":{"name":"functions"},"message":"\u001b[1mhttp\u001b[22m function initialized (http://localhost:5001/amzr-b7fd2/us-central1/addProduct)."}}
[info] 
┌───────────────────────────────────────────────────────────────────────┐
│ ✔  All emulators ready! View status and logs at http://localhost:4000 │
└───────────────────────────────────────────────────────────────────────┘

┌───────────┬────────────────┬─────────────────────────────────┐
│ Emulator  │ Host:Port      │ View in Emulator UI             │
├───────────┼────────────────┼─────────────────────────────────┤
│ Functions │ localhost:5001 │ http://localhost:4000/functions │
├───────────┼────────────────┼─────────────────────────────────┤
│ Firestore │ localhost:8080 │ http://localhost:4000/firestore │
├───────────┼────────────────┼─────────────────────────────────┤
│ Database  │ localhost:9000 │ http://localhost:4000/database  │
├───────────┼────────────────┼─────────────────────────────────┤
│ Hosting   │ localhost:5000 │ n/a                             │
├───────────┼────────────────┼─────────────────────────────────┤
│ Pub/Sub   │ localhost:8086 │ n/a                             │
└───────────┴────────────────┴─────────────────────────────────┘
  Other reserved ports: 4400, 4500

Issues? Report them at https://github.com/firebase/firebase-tools/issues and attach the *-debug.log files.
 
[debug] [2020-07-29T04:47:59.012Z] [worker-~diagnostic~-9bc54355-4e60-479b-9207-686dc7279d53]: IDLE {"metadata":{"emulator":{"name":"functions"},"message":"[worker-~diagnostic~-9bc54355-4e60-479b-9207-686dc7279d53]: IDLE"}}
[debug] [2020-07-29T04:48:06.771Z] [work-queue] {"queueLength":1,"workRunningCount":0}
[debug] [2020-07-29T04:48:06.771Z] [work-queue] {"queueLength":0,"workRunningCount":1}
[debug] [2020-07-29T04:48:06.772Z] Accepted request GET /amzr-b7fd2/us-central1/addProduct?asin=B08CMPRK8C --> addProduct
[debug] [2020-07-29T04:48:06.795Z] [worker-pool] addWorker(addProduct) {"metadata":{"emulator":{"name":"functions"},"message":"[worker-pool] addWorker(addProduct)"}}
[debug] [2020-07-29T04:48:06.795Z] [worker-pool] Adding worker with key addProduct, total=1 {"metadata":{"emulator":{"name":"functions"},"message":"[worker-pool] Adding worker with key addProduct, total=1"}}
[debug] [2020-07-29T04:48:06.796Z] [worker-pool] submitWork(triggerId=addProduct) {"metadata":{"emulator":{"name":"functions"},"message":"[worker-pool] submitWork(triggerId=addProduct)"}}
[debug] [2020-07-29T04:48:06.796Z] [worker-addProduct-9324f55c-f83b-40d7-aea3-1f4f3cff7150]: Assigning socketPath: \\?\pipe\F:\amz-b4a\buyer\functions\17112 {"metadata":{"emulator":{"name":"functions"},"message":"[worker-addProduct-9324f55c-f83b-40d7-aea3-1f4f3cff7150]: Assigning socketPath: \\\\?\\pipe\\F:\\amz-b4a\\buyer\\functions\\17112"}}
[debug] [2020-07-29T04:48:06.796Z] [worker-addProduct-9324f55c-f83b-40d7-aea3-1f4f3cff7150]: BUSY {"metadata":{"emulator":{"name":"functions"},"message":"[worker-addProduct-9324f55c-f83b-40d7-aea3-1f4f3cff7150]: BUSY"}}
[debug] [2020-07-29T04:48:07.216Z] [runtime-status] [17112] Functions runtime initialized. {"cwd":"F:\\amz-b4a\\buyer\\functions","node_version":"12.18.2"} {"metadata":{"emulator":{"name":"functions"},"function":{"name":"addProduct"},"message":"[runtime-status] [17112] Functions runtime initialized. {\"cwd\":\"F:\\\\amz-b4a\\\\buyer\\\\functions\",\"node_version\":\"12.18.2\"}"}}
[debug] [2020-07-29T04:48:07.217Z] [runtime-status] [17112] Disabled runtime features: undefined {"metadata":{"emulator":{"name":"functions"},"function":{"name":"addProduct"},"message":"[runtime-status] [17112] Disabled runtime features: undefined"}}
[debug] [2020-07-29T04:48:07.220Z] [runtime-status] [17112] Resolved module firebase-admin {"declared":true,"installed":true,"version":"8.13.0","resolution":"F:\\amz-b4a\\buyer\\functions\\node_modules\\firebase-admin\\lib\\index.js"} {"metadata":{"emulator":{"name":"functions"},"function":{"name":"addProduct"},"message":"[runtime-status] [17112] Resolved module firebase-admin {\"declared\":true,\"installed\":true,\"version\":\"8.13.0\",\"resolution\":\"F:\\\\amz-b4a\\\\buyer\\\\functions\\\\node_modules\\\\firebase-admin\\\\lib\\\\index.js\"}"}}
[debug] [2020-07-29T04:48:07.222Z] [runtime-status] [17112] Resolved module firebase-functions {"declared":true,"installed":true,"version":"3.8.0","resolution":"F:\\amz-b4a\\buyer\\functions\\node_modules\\firebase-functions\\lib\\index.js"} {"metadata":{"emulator":{"name":"functions"},"function":{"name":"addProduct"},"message":"[runtime-status] [17112] Resolved module firebase-functions {\"declared\":true,\"installed\":true,\"version\":\"3.8.0\",\"resolution\":\"F:\\\\amz-b4a\\\\buyer\\\\functions\\\\node_modules\\\\firebase-functions\\\\lib\\\\index.js\"}"}}
[debug] [2020-07-29T04:48:07.224Z] [runtime-status] [17112] Resolved module firebase-functions {"declared":true,"installed":true,"version":"3.8.0","resolution":"F:\\amz-b4a\\buyer\\functions\\node_modules\\firebase-functions\\lib\\index.js"} {"metadata":{"emulator":{"name":"functions"},"function":{"name":"addProduct"},"message":"[runtime-status] [17112] Resolved module firebase-functions {\"declared\":true,\"installed\":true,\"version\":\"3.8.0\",\"resolution\":\"F:\\\\amz-b4a\\\\buyer\\\\functions\\\\node_modules\\\\firebase-functions\\\\lib\\\\index.js\"}"}}
[debug] [2020-07-29T04:48:07.225Z] [runtime-status] [17112] Set PUBSUB_EMULATOR_HOST to localhost:8086 {"metadata":{"emulator":{"name":"functions"},"function":{"name":"addProduct"},"message":"[runtime-status] [17112] Set PUBSUB_EMULATOR_HOST to localhost:8086"}}
[debug] [2020-07-29T04:48:07.227Z] [runtime-status] [17112] Outgoing network have been stubbed. [{"name":"http","status":"mocked"},{"name":"http","status":"mocked"},{"name":"https","status":"mocked"},{"name":"https","status":"mocked"},{"name":"net","status":"mocked"}] {"metadata":{"emulator":{"name":"functions"},"function":{"name":"addProduct"},"message":"[runtime-status] [17112] Outgoing network have been stubbed. [{\"name\":\"http\",\"status\":\"mocked\"},{\"name\":\"http\",\"status\":\"mocked\"},{\"name\":\"https\",\"status\":\"mocked\"},{\"name\":\"https\",\"status\":\"mocked\"},{\"name\":\"net\",\"status\":\"mocked\"}]"}}
[debug] [2020-07-29T04:48:07.228Z] [runtime-status] [17112] Resolved module firebase-functions {"declared":true,"installed":true,"version":"3.8.0","resolution":"F:\\amz-b4a\\buyer\\functions\\node_modules\\firebase-functions\\lib\\index.js"} {"metadata":{"emulator":{"name":"functions"},"function":{"name":"addProduct"},"message":"[runtime-status] [17112] Resolved module firebase-functions {\"declared\":true,\"installed\":true,\"version\":\"3.8.0\",\"resolution\":\"F:\\\\amz-b4a\\\\buyer\\\\functions\\\\node_modules\\\\firebase-functions\\\\lib\\\\index.js\"}"}}
[debug] [2020-07-29T04:48:07.293Z] [runtime-status] [17112] Checked functions.config() {"config":{}} {"metadata":{"emulator":{"name":"functions"},"function":{"name":"addProduct"},"message":"[runtime-status] [17112] Checked functions.config() {\"config\":{}}"}}
[debug] [2020-07-29T04:48:07.293Z] [runtime-status] [17112] firebase-functions has been stubbed. {"functionsResolution":{"declared":true,"installed":true,"version":"3.8.0","resolution":"F:\\amz-b4a\\buyer\\functions\\node_modules\\firebase-functions\\lib\\index.js"}} {"metadata":{"emulator":{"name":"functions"},"function":{"name":"addProduct"},"message":"[runtime-status] [17112] firebase-functions has been stubbed. {\"functionsResolution\":{\"declared\":true,\"installed\":true,\"version\":\"3.8.0\",\"resolution\":\"F:\\\\amz-b4a\\\\buyer\\\\functions\\\\node_modules\\\\firebase-functions\\\\lib\\\\index.js\"}}"}}
[debug] [2020-07-29T04:48:07.293Z] [runtime-status] [17112] Resolved module firebase-functions {"declared":true,"installed":true,"version":"3.8.0","resolution":"F:\\amz-b4a\\buyer\\functions\\node_modules\\firebase-functions\\lib\\index.js"} {"metadata":{"emulator":{"name":"functions"},"function":{"name":"addProduct"},"message":"[runtime-status] [17112] Resolved module firebase-functions {\"declared\":true,\"installed\":true,\"version\":\"3.8.0\",\"resolution\":\"F:\\\\amz-b4a\\\\buyer\\\\functions\\\\node_modules\\\\firebase-functions\\\\lib\\\\index.js\"}"}}
[debug] [2020-07-29T04:48:07.294Z] [runtime-status] [17112] Resolved module firebase-admin {"declared":true,"installed":true,"version":"8.13.0","resolution":"F:\\amz-b4a\\buyer\\functions\\node_modules\\firebase-admin\\lib\\index.js"} {"metadata":{"emulator":{"name":"functions"},"function":{"name":"addProduct"},"message":"[runtime-status] [17112] Resolved module firebase-admin {\"declared\":true,\"installed\":true,\"version\":\"8.13.0\",\"resolution\":\"F:\\\\amz-b4a\\\\buyer\\\\functions\\\\node_modules\\\\firebase-admin\\\\lib\\\\index.js\"}"}}
[debug] [2020-07-29T04:48:07.295Z] [runtime-status] [17112] Resolved module firebase-functions {"declared":true,"installed":true,"version":"3.8.0","resolution":"F:\\amz-b4a\\buyer\\functions\\node_modules\\firebase-functions\\lib\\index.js"} {"metadata":{"emulator":{"name":"functions"},"function":{"name":"addProduct"},"message":"[runtime-status] [17112] Resolved module firebase-functions {\"declared\":true,\"installed\":true,\"version\":\"3.8.0\",\"resolution\":\"F:\\\\amz-b4a\\\\buyer\\\\functions\\\\node_modules\\\\firebase-functions\\\\lib\\\\index.js\"}"}}
[debug] [2020-07-29T04:48:07.295Z] [runtime-status] [17112] firebase-admin has been stubbed. {"adminResolution":{"declared":true,"installed":true,"version":"8.13.0","resolution":"F:\\amz-b4a\\buyer\\functions\\node_modules\\firebase-admin\\lib\\index.js"}} {"metadata":{"emulator":{"name":"functions"},"function":{"name":"addProduct"},"message":"[runtime-status] [17112] firebase-admin has been stubbed. {\"adminResolution\":{\"declared\":true,\"installed\":true,\"version\":\"8.13.0\",\"resolution\":\"F:\\\\amz-b4a\\\\buyer\\\\functions\\\\node_modules\\\\firebase-admin\\\\lib\\\\index.js\"}}"}}
[debug] [2020-07-29T04:48:07.296Z] [runtime-status] [17112] initializeApp(DEFAULT) {"databaseURL":"http://localhost:9000?ns=amzr-b7fd2","storageBucket":"amzr-b7fd2.appspot.com","projectId":"amzr-b7fd2"} {"metadata":{"emulator":{"name":"functions"},"function":{"name":"addProduct"},"message":"[runtime-status] [17112] initializeApp(DEFAULT) {\"databaseURL\":\"http://localhost:9000?ns=amzr-b7fd2\",\"storageBucket\":\"amzr-b7fd2.appspot.com\",\"projectId\":\"amzr-b7fd2\"}"}}
[debug] [2020-07-29T04:48:07.517Z] [runtime-status] [17112] Trigger "addProduct" has been found, beginning invocation! {"metadata":{"emulator":{"name":"functions"},"function":{"name":"addProduct"},"message":"[runtime-status] [17112] Trigger \"addProduct\" has been found, beginning invocation!"}}
[info] i  functions: Beginning execution of "addProduct" {"metadata":{"emulator":{"name":"functions"},"function":{"name":"addProduct"},"message":"Beginning execution of \"addProduct\""}}
[debug] [2020-07-29T04:48:07.519Z] [runtime-status] [17112] triggerDefinition {"httpsTrigger":{},"name":"addProduct","entryPoint":"addProduct"} {"metadata":{"emulator":{"name":"functions"},"function":{"name":"addProduct"},"message":"[runtime-status] [17112] triggerDefinition {\"httpsTrigger\":{},\"name\":\"addProduct\",\"entryPoint\":\"addProduct\"}"}}
[debug] [2020-07-29T04:48:07.519Z] [runtime-status] [17112] Running addProduct in mode HTTPS {"metadata":{"emulator":{"name":"functions"},"function":{"name":"addProduct"},"message":"[runtime-status] [17112] Running addProduct in mode HTTPS"}}
[debug] [2020-07-29T04:48:07.525Z] [runtime-status] [17112] Attempting to listen to socketPath: \\?\pipe\F:\amz-b4a\buyer\functions\17112 {"metadata":{"emulator":{"name":"functions"},"function":{"name":"addProduct"},"message":"[runtime-status] [17112] Attempting to listen to socketPath: \\\\?\\pipe\\F:\\amz-b4a\\buyer\\functions\\17112"}}
[debug] [2020-07-29T04:48:07.528Z] [functions] Runtime ready! Sending request! {"metadata":{"emulator":{"name":"functions"},"message":"[functions] Runtime ready! Sending request!"}}
[debug] [2020-07-29T04:48:07.539Z] [runtime-status] [17112] Ephemeral server handling GET request {"metadata":{"emulator":{"name":"functions"},"function":{"name":"addProduct"},"message":"[runtime-status] [17112] Ephemeral server handling GET request"}}
[debug] [2020-07-29T04:48:07.576Z] [runtime-status] [17112] Ephemeral server survived. {"metadata":{"emulator":{"name":"functions"},"function":{"name":"addProduct"},"message":"[runtime-status] [17112] Ephemeral server survived."}}
[info] >  30.99 {"user":30.99,"metadata":{"emulator":{"name":"functions"},"function":{"name":"addProduct"},"message":"\u001b[90m> \u001b[39m 30.99"}}
[info] >   {"user":"","metadata":{"emulator":{"name":"functions"},"function":{"name":"addProduct"},"message":"\u001b[90m> \u001b[39m "}}
[info] i  functions: Finished "addProduct" in ~1s {"metadata":{"emulator":{"name":"functions"},"function":{"name":"addProduct"},"message":"Finished \"addProduct\" in ~1s"}}
[debug] [2020-07-29T04:48:08.912Z] [worker-addProduct-9324f55c-f83b-40d7-aea3-1f4f3cff7150]: IDLE {"metadata":{"emulator":{"name":"functions"},"message":"[worker-addProduct-9324f55c-f83b-40d7-aea3-1f4f3cff7150]: IDLE"}}
[debug] [2020-07-29T04:48:08.912Z] [work-queue] {"queueLength":0,"workRunningCount":0}
[debug] [2020-07-31T06:31:15.522Z] Jul 30, 2020 11:31:15 PM io.gapi.emulators.netty.HttpVersionRoutingHandler channelRead
INFO: Detected non-HTTP/2 connection.
 {"metadata":{"emulator":{"name":"firestore"},"message":"Jul 30, 2020 11:31:15 PM io.gapi.emulators.netty.HttpVersionRoutingHandler channelRead\r\nINFO: Detected non-HTTP/2 connection.\r\n"}}
[debug] [2020-07-31T06:31:15.870Z] Jul 30, 2020 11:31:15 PM io.gapi.emulators.netty.HttpVersionRoutingHandler channelRead
INFO: Detected HTTP/2 connection.
 {"metadata":{"emulator":{"name":"firestore"},"message":"Jul 30, 2020 11:31:15 PM io.gapi.emulators.netty.HttpVersionRoutingHandler channelRead\r\nINFO: Detected HTTP/2 connection.\r\n"}}
[debug] [2020-08-01T01:24:14.965Z] Jul 31, 2020 6:24:14 PM io.gapi.emulators.netty.HttpVersionRoutingHandler channelRead
INFO: Detected non-HTTP/2 connection.
 {"metadata":{"emulator":{"name":"firestore"},"message":"Jul 31, 2020 6:24:14 PM io.gapi.emulators.netty.HttpVersionRoutingHandler channelRead\r\nINFO: Detected non-HTTP/2 connection.\r\n"}}
[debug] [2020-08-01T01:24:14.996Z] Jul 31, 2020 6:24:14 PM io.gapi.emulators.netty.HttpVersionRoutingHandler channelRead
INFO: Detected HTTP/2 connection.
 {"metadata":{"emulator":{"name":"firestore"},"message":"Jul 31, 2020 6:24:14 PM io.gapi.emulators.netty.HttpVersionRoutingHandler channelRead\r\nINFO: Detected HTTP/2 connection.\r\n"}}
